<?xml version="1.0" encoding="UTF-8"?>
<!-- Generated by org.testng.reporters.JUnitReportReporter -->
<testsuite hostname="DESKTOP-H369NVH" failures="0" tests="2" name="com.qa.testcase.LoginPageTest" time="38.625" errors="0" timestamp="2022-03-11T15:25:31 IST" skipped="0">
  <testcase classname="com.qa.testcase.LoginPageTest" name="To_Verify_the_valid_Url" time="17.101"/>
  <system-out/>
  <testcase classname="com.qa.testcase.LoginPageTest" name="To_Verify_the_valid_Login" time="21.524"/>
  <system-out/>
</testsuite> <!-- com.qa.testcase.LoginPageTest -->
